#
# There is insufficient memory for the Java Runtime Environment to continue.
# Native memory allocation (mmap) failed to map 268435456 bytes for G1 virtual space
# Possible reasons:
#   The system is out of physical RAM or swap space
#   The process is running with CompressedOops enabled, and the Java Heap may be blocking the growth of the native heap
# Possible solutions:
#   Reduce memory load on the system
#   Increase physical memory or swap space
#   Check if swap backing store is full
#   Decrease Java heap size (-Xmx/-Xms)
#   Decrease number of Java threads
#   Decrease Java thread stack sizes (-Xss)
#   Set larger code cache with -XX:ReservedCodeCacheSize=
#   JVM is running with Zero Based Compressed Oops mode in which the Java heap is
#     placed in the first 32GB address space. The Java Heap base address is the
#     maximum limit for the native heap growth. Please use -XX:HeapBaseMinAddress
#     to set the Java Heap base and to place the Java Heap above 32GB virtual address.
# This output file may be truncated or incomplete.
#
#  Out of Memory Error (os_windows.cpp:3532), pid=10428, tid=14380
#
# JRE version:  (17.0.2+8) (build )
# Java VM: Java HotSpot(TM) 64-Bit Server VM (17.0.2+8-LTS-86, mixed mode, sharing, tiered, compressed oops, compressed class ptrs, g1 gc, windows-amd64)
# No core dump will be written. Minidumps are not enabled by default on client versions of Windows
#

---------------  S U M M A R Y ------------

Command Line: -Dclassworlds.conf=C:\apache-maven-3.8.5\bin\m2.conf -Dmaven.home=C:\apache-maven-3.8.5 -Dlibrary.jansi.path=C:\apache-maven-3.8.5\lib\jansi-native -Dmaven.multiModuleProjectDirectory=C:\Users\Korisnik\Desktop\NWT_Projekat\projekat\emajstor\system-events org.codehaus.plexus.classworlds.launcher.Launcher clean install -DskipTests

Host: AMD Ryzen 7 2700X Eight-Core Processor         , 16 cores, 15G,  Windows 10 , 64 bit Build 19041 (10.0.19041.1706)
Time: Tue May 24 21:39:23 2022 Central European Daylight Time elapsed time: 0.008125 seconds (0d 0h 0m 0s)

---------------  T H R E A D  ---------------

Current thread (0x000001708ac6fcc0):  JavaThread "Unknown thread" [_thread_in_vm, id=14380, stack(0x0000005427200000,0x0000005427300000)]

Stack: [0x0000005427200000,0x0000005427300000]
Native frames: (J=compiled Java code, j=interpreted, Vv=VM code, C=native code)
V  [jvm.dll+0x670baa]
V  [jvm.dll+0x7cfcb4]
V  [jvm.dll+0x7d145e]
V  [jvm.dll+0x7d1ac3]
V  [jvm.dll+0x242bc5]
V  [jvm.dll+0x66dac9]
V  [jvm.dll+0x662412]
V  [jvm.dll+0x300c0b]
V  [jvm.dll+0x3081a6]
V  [jvm.dll+0x357d0e]
V  [jvm.dll+0x357f3f]
V  [jvm.dll+0x2d7ec8]
V  [jvm.dll+0x2d8e34]
V  [jvm.dll+0x7a18c1]
V  [jvm.dll+0x365a91]
V  [jvm.dll+0x780d2c]
V  [jvm.dll+0x3e845f]
V  [jvm.dll+0x3e9f01]
C  [jli.dll+0x527b]
C  [ucrtbase.dll+0x21bb2]
C  [KERNEL32.DLL+0x17034]
C  [ntdll.dll+0x52651]


---------------  P R O C E S S  ---------------

Threads class SMR info:
_java_thread_list=0x00007ffc0feb9858, length=0, elements={
}

Java Threads: ( => current thread )

Other Threads:
  0x000001708acc0a70 GCTaskThread "GC Thread#0" [stack: 0x0000005427300000,0x0000005427400000] [id=10648]
  0x000001708acd18f0 ConcurrentGCThread "G1 Main Marker" [stack: 0x0000005427400000,0x0000005427500000] [id=13736]
  0x000001708acd3ab0 ConcurrentGCThread "G1 Conc#0" [stack: 0x0000005427500000,0x0000005427600000] [id=10908]

[error occurred during error reporting (printing all threads), id 0xc0000005, EXCEPTION_ACCESS_VIOLATION (0xc0000005) at pc=0x00007ffc0f7088a7]

VM state: not at safepoint (not fully initialized)

VM Mutex/Monitor currently owned by a thread:  ([mutex/lock_event])
[0x000001708ac6ae50] Heap_lock - owner thread: 0x000001708ac6fcc0

Heap address: 0x0000000700c00000, size: 4084 MB, Compressed Oops mode: Zero based, Oop shift amount: 3

CDS archive(s) mapped at: [0x0000000000000000-0x0000000000000000-0x0000000000000000), size 0, SharedBaseAddress: 0x0000000800000000, ArchiveRelocationMode: 0.
Narrow klass base: 0x0000000000000000, Narrow klass shift: 0, Narrow klass range: 0x0

GC Precious Log:
<Empty>

Heap:
 garbage-first heap   total 0K, used 0K [0x0000000700c00000, 0x0000000800000000)
  region size 2048K, 0 young (0K), 0 survivors (0K)

[error occurred during error reporting (printing heap information), id 0xc0000005, EXCEPTION_ACCESS_VIOLATION (0xc0000005) at pc=0x00007ffc0fae9f19]

GC Heap History (0 events):
No events

Deoptimization events (0 events):
No events

Classes unloaded (0 events):
No events

Classes redefined (0 events):
No events

Internal exceptions (0 events):
No events

VM Operations (0 events):
No events

Events (1 events):
Event: 0.004 Loaded shared library C:\Program Files\Java\jdk-17.0.2\bin\java.dll


Dynamic libraries:
0x00007ff654120000 - 0x00007ff654130000 	C:\Program Files\Java\jdk-17.0.2\bin\java.exe
0x00007ffc50070000 - 0x00007ffc50265000 	C:\Windows\SYSTEM32\ntdll.dll
0x00007ffc4e820000 - 0x00007ffc4e8dd000 	C:\Windows\System32\KERNEL32.DLL
0x00007ffc4dc90000 - 0x00007ffc4df5d000 	C:\Windows\System32\KERNELBASE.dll
0x00007ffc4d8c0000 - 0x00007ffc4d9c0000 	C:\Windows\System32\ucrtbase.dll
0x00007ffc3ec60000 - 0x00007ffc3ec78000 	C:\Program Files\Java\jdk-17.0.2\bin\jli.dll
0x00007ffc3ec40000 - 0x00007ffc3ec5a000 	C:\Program Files\Java\jdk-17.0.2\bin\VCRUNTIME140.dll
0x00007ffc4e610000 - 0x00007ffc4e6be000 	C:\Windows\System32\ADVAPI32.dll
0x00007ffc4e780000 - 0x00007ffc4e81e000 	C:\Windows\System32\msvcrt.dll
0x00007ffc4fc50000 - 0x00007ffc4fcec000 	C:\Windows\System32\sechost.dll
0x00007ffc4e4e0000 - 0x00007ffc4e605000 	C:\Windows\System32\RPCRT4.dll
0x00007ffc4fe20000 - 0x00007ffc4ffc0000 	C:\Windows\System32\USER32.dll
0x00007ffc4dc60000 - 0x00007ffc4dc82000 	C:\Windows\System32\win32u.dll
0x00007ffc35820000 - 0x00007ffc35aba000 	C:\Windows\WinSxS\amd64_microsoft.windows.common-controls_6595b64144ccf1df_6.0.19041.1110_none_60b5254171f9507e\COMCTL32.dll
0x00007ffc4efa0000 - 0x00007ffc4efca000 	C:\Windows\System32\GDI32.dll
0x00007ffc4df60000 - 0x00007ffc4e06b000 	C:\Windows\System32\gdi32full.dll
0x00007ffc4d7b0000 - 0x00007ffc4d84d000 	C:\Windows\System32\msvcp_win.dll
0x00007ffc41820000 - 0x00007ffc4182a000 	C:\Windows\SYSTEM32\VERSION.dll
0x00007ffc4fb60000 - 0x00007ffc4fb90000 	C:\Windows\System32\IMM32.DLL
0x00007ffc46040000 - 0x00007ffc4604c000 	C:\Program Files\Java\jdk-17.0.2\bin\vcruntime140_1.dll
0x00007ffc360b0000 - 0x00007ffc3613d000 	C:\Program Files\Java\jdk-17.0.2\bin\msvcp140.dll
0x00007ffc0f420000 - 0x00007ffc0ffe1000 	C:\Program Files\Java\jdk-17.0.2\bin\server\jvm.dll
0x00007ffc4e9c0000 - 0x00007ffc4e9c8000 	C:\Windows\System32\PSAPI.DLL
0x00007ffc417f0000 - 0x00007ffc41817000 	C:\Windows\SYSTEM32\WINMM.dll
0x00007ffc36f00000 - 0x00007ffc36f09000 	C:\Windows\SYSTEM32\WSOCK32.dll
0x00007ffc4ffc0000 - 0x00007ffc5002b000 	C:\Windows\System32\WS2_32.dll
0x00007ffc4b580000 - 0x00007ffc4b592000 	C:\Windows\SYSTEM32\kernel.appcore.dll
0x00007ffc3c560000 - 0x00007ffc3c56a000 	C:\Program Files\Java\jdk-17.0.2\bin\jimage.dll
0x00007ffc43280000 - 0x00007ffc43464000 	C:\Windows\SYSTEM32\DBGHELP.DLL
0x00007ffc35af0000 - 0x00007ffc35b1c000 	C:\Windows\SYSTEM32\dbgcore.DLL
0x00007ffc4dbd0000 - 0x00007ffc4dc52000 	C:\Windows\System32\bcryptPrimitives.dll
0x00007ffc36080000 - 0x00007ffc360a5000 	C:\Program Files\Java\jdk-17.0.2\bin\java.dll

dbghelp: loaded successfully - version: 4.0.5 - missing functions: none
symbol engine: initialized successfully - sym options: 0x614 - pdb path: .;C:\Program Files\Java\jdk-17.0.2\bin;C:\Windows\SYSTEM32;C:\Windows\WinSxS\amd64_microsoft.windows.common-controls_6595b64144ccf1df_6.0.19041.1110_none_60b5254171f9507e;C:\Program Files\Java\jdk-17.0.2\bin\server

VM Arguments:
jvm_args: -Dclassworlds.conf=C:\apache-maven-3.8.5\bin\m2.conf -Dmaven.home=C:\apache-maven-3.8.5 -Dlibrary.jansi.path=C:\apache-maven-3.8.5\lib\jansi-native -Dmaven.multiModuleProjectDirectory=C:\Users\Korisnik\Desktop\NWT_Projekat\projekat\emajstor\system-events 
java_command: org.codehaus.plexus.classworlds.launcher.Launcher clean install -DskipTests
java_class_path (initial): C:\apache-maven-3.8.5\boot\plexus-classworlds-2.6.0.jar
Launcher Type: SUN_STANDARD

[Global flags]
     intx CICompilerCount                          = 12                                        {product} {ergonomic}
     uint ConcGCThreads                            = 3                                         {product} {ergonomic}
     uint G1ConcRefinementThreads                  = 13                                        {product} {ergonomic}
   size_t G1HeapRegionSize                         = 2097152                                   {product} {ergonomic}
    uintx GCDrainStackTargetSize                   = 64                                        {product} {ergonomic}
   size_t InitialHeapSize                          = 268435456                                 {product} {ergonomic}
   size_t MarkStackSize                            = 4194304                                   {product} {ergonomic}
   size_t MaxHeapSize                              = 4282384384                                {product} {ergonomic}
   size_t MinHeapDeltaBytes                        = 2097152                                   {product} {ergonomic}
   size_t MinHeapSize                              = 8388608                                   {product} {ergonomic}
    uintx NonNMethodCodeHeapSize                   = 7602480                                {pd product} {ergonomic}
    uintx NonProfiledCodeHeapSize                  = 122027880                              {pd product} {ergonomic}
    uintx ProfiledCodeHeapSize                     = 122027880                              {pd product} {ergonomic}
    uintx ReservedCodeCacheSize                    = 251658240                              {pd product} {ergonomic}
     bool SegmentedCodeCache                       = true                                      {product} {ergonomic}
   size_t SoftMaxHeapSize                          = 4282384384                             {manageable} {ergonomic}
     bool UseCompressedClassPointers               = true                           {product lp64_product} {ergonomic}
     bool UseCompressedOops                        = true                           {product lp64_product} {ergonomic}
     bool UseG1GC                                  = true                                      {product} {ergonomic}
     bool UseLargePagesIndividualAllocation        = false                                  {pd product} {ergonomic}

Logging:
Log output configuration:
 #0: stdout all=warning uptime,level,tags
 #1: stderr all=off uptime,level,tags

Environment Variables:
PATH=C:\Program Files\Common Files\Oracle\Java\javapath;C:\Python39\Scripts\;C:\Python39\;C:\Windows\system32;C:\Windows;C:\Windows\System32\Wbem;C:\Windows\System32\WindowsPowerShell\v1.0\;C:\Windows\System32\OpenSSH\;C:\Program Files\Git\cmd;C:\Program Files\Git\bin;C:\ProgramData\chocolatey\bin;C:\Program Files\Microsoft SQL Server\130\Tools\Binn\;C:\Java\jdk1.8.0_291\bin;C:\hadoop-3.1.0\bin;C:\hadoop-3.1.0\sbin;C:\Program Files\nodejs\;C:\Program Files\CodeBlocks\MinGW\bin;;C:\Program Files\Docker\Docker\resources\bin;C:\ProgramData\DockerDesktop\version-bin;C:\Users\Korisnik\AppData\Local\Programs\Python\Python38\Scripts\;C:\Users\Korisnik\AppData\Local\Programs\Python\Python38\;C:\Program Files\Java\jdk-17.0.2\bin;C:\apache-maven-3.8.5\bin;C:\Program Files\JetBrains\PyCharm 2021.3.3\bin;;C:\Users\Korisnik\AppData\Local\Programs\Microsoft VS Code\bin
USERNAME=Korisnik
OS=Windows_NT
PROCESSOR_IDENTIFIER=AMD64 Family 23 Model 8 Stepping 2, AuthenticAMD



---------------  S Y S T E M  ---------------

OS:
 Windows 10 , 64 bit Build 19041 (10.0.19041.1706)
OS uptime: 3 days 10:04 hours
Hyper-V role detected

CPU: total 16 (initial active 16) (16 cores per cpu, 2 threads per core) family 23 model 8 stepping 2 microcode 0x0, cx8, cmov, fxsr, ht, mmx, 3dnowpref, sse, sse2, sse3, ssse3, sse4a, sse4.1, sse4.2, popcnt, lzcnt, tsc, tscinvbit, avx, avx2, aes, clmul, bmi1, bmi2, adx, sha, fma, vzeroupper, clflush, clflushopt, hv

Memory: 4k page, system-wide physical 16334M (4215M free)
TotalPageFile size 16334M (AvailPageFile size 243M)
current process WorkingSet (physical memory assigned to process): 10M, peak: 10M
current process commit charge ("private bytes"): 70M, peak: 326M

vm_info: Java HotSpot(TM) 64-Bit Server VM (17.0.2+8-LTS-86) for windows-amd64 JRE (17.0.2+8-LTS-86), built on Dec  7 2021 21:51:03 by "mach5one" with MS VC++ 16.8 / 16.9 (VS2019)

END.
