#
# There is insufficient memory for the Java Runtime Environment to continue.
# Native memory allocation (mmap) failed to map 268435456 bytes for G1 virtual space
# Possible reasons:
#   The system is out of physical RAM or swap space
#   The process is running with CompressedOops enabled, and the Java Heap may be blocking the growth of the native heap
# Possible solutions:
#   Reduce memory load on the system
#   Increase physical memory or swap space
#   Check if swap backing store is full
#   Decrease Java heap size (-Xmx/-Xms)
#   Decrease number of Java threads
#   Decrease Java thread stack sizes (-Xss)
#   Set larger code cache with -XX:ReservedCodeCacheSize=
#   JVM is running with Zero Based Compressed Oops mode in which the Java heap is
#     placed in the first 32GB address space. The Java Heap base address is the
#     maximum limit for the native heap growth. Please use -XX:HeapBaseMinAddress
#     to set the Java Heap base and to place the Java Heap above 32GB virtual address.
# This output file may be truncated or incomplete.
#
#  Out of Memory Error (./open/src/hotspot/os/windows/os_windows.cpp:3472), pid=10088, tid=5924
#
# JRE version:  (15.0.1+9) (build )
# Java VM: OpenJDK 64-Bit Server VM (15.0.1+9-18, mixed mode, sharing, tiered, compressed oops, g1 gc, windows-amd64)
# No core dump will be written. Minidumps are not enabled by default on client versions of Windows
#

---------------  S U M M A R Y ------------

Command Line: -ea -Didea.test.cyclic.buffer.size=1048576 -javaagent:C:\Program Files\JetBrains\IntelliJ IDEA 2021.3.3\lib\idea_rt.jar=60787:C:\Program Files\JetBrains\IntelliJ IDEA 2021.3.3\bin -Dfile.encoding=UTF-8 com.intellij.rt.junit.JUnitStarter -ideVersion5 -junit5 etf.unsa.ba.nwt.emajstor.user.controller.UserControllerTest

Host: AMD Ryzen 7 2700X Eight-Core Processor         , 16 cores, 15G,  Windows 10 , 64 bit Build 19041 (10.0.19041.1566)
Time: Wed Mar 23 23:25:16 2022 Central European Standard Time elapsed time: 0.008803 seconds (0d 0h 0m 0s)

---------------  T H R E A D  ---------------

Current thread (0x00000163f70b1e80):  JavaThread "Unknown thread" [_thread_in_vm, id=5924, stack(0x000000474c900000,0x000000474ca00000)]

Stack: [0x000000474c900000,0x000000474ca00000]
Native frames: (J=compiled Java code, j=interpreted, Vv=VM code, C=native code)
V  [jvm.dll+0x62ae9a]
V  [jvm.dll+0x781389]
V  [jvm.dll+0x782ae3]
V  [jvm.dll+0x783143]
V  [jvm.dll+0x216265]
V  [jvm.dll+0x6281d9]
V  [jvm.dll+0x61cd15]
V  [jvm.dll+0x2d01fd]
V  [jvm.dll+0x2d0062]
V  [jvm.dll+0x2d603c]
V  [jvm.dll+0x325b2a]
V  [jvm.dll+0x3251f4]
V  [jvm.dll+0x2a717a]
V  [jvm.dll+0x2a8318]
V  [jvm.dll+0x75e101]
V  [jvm.dll+0x3343e4]
V  [jvm.dll+0x73e826]
V  [jvm.dll+0x3b7777]
V  [jvm.dll+0x3b9201]
C  [jli.dll+0x52fb]
C  [ucrtbase.dll+0x21bb2]
C  [KERNEL32.DLL+0x17034]
C  [ntdll.dll+0x52651]


---------------  P R O C E S S  ---------------

Threads class SMR info:
_java_thread_list=0x00007ffe1d9c4ff0, length=0, elements={
}

Java Threads: ( => current thread )

Other Threads:
  0x00000163f71065e0 GCTaskThread "GC Thread#0" [stack: 0x000000474ca00000,0x000000474cb00000] [id=4240]
  0x00000163f7117670 ConcurrentGCThread "G1 Main Marker" [stack: 0x000000474cb00000,0x000000474cc00000] [id=5932]
  0x00000163f7118a00 ConcurrentGCThread "G1 Conc#0" [stack: 0x000000474cc00000,0x000000474cd00000] [id=6372]

[error occurred during error reporting (printing all threads), id 0xc0000005, EXCEPTION_ACCESS_VIOLATION (0xc0000005) at pc=0x00007ffe1d1b8047]

VM state: not at safepoint (not fully initialized)

VM Mutex/Monitor currently owned by a thread:  ([mutex/lock_event])
[0x00000163f70ae520] Heap_lock - owner thread: 0x00000163f70b1e80

Heap address: 0x0000000700c00000, size: 4084 MB, Compressed Oops mode: Zero based, Oop shift amount: 3
CDS archive(s) mapped at: [0x0000000000000000-0x0000000000000000-0x0000000000000000), size 0, SharedBaseAddress: 0x0000000800000000, ArchiveRelocationMode: 0.
Narrow klass base: 0x0000000000000000, Narrow klass shift: 0, Narrow klass range: 0x0

Heap:
 garbage-first heap   total 262144K, used 0K [0x0000000700c00000, 0x0000000800000000)
  region size 2048K, 0 young (0K), 0 survivors (0K)
 Metaspace       used 0K, capacity 0K, committed 0K, reserved 0K
  class space    used 0K, capacity 0K, committed 0K, reserved 0K

Heap Regions: E=young(eden), S=young(survivor), O=old, HS=humongous(starts), HC=humongous(continues), CS=collection set, F=free, OA=open archive, CA=closed archive, TAMS=top-at-mark-start (previous, next)

Card table byte_map: [0x000001638f800000,0x0000016390000000] _byte_map_base: 0x000001638bffa000

Marking Bits (Prev, Next): (CMBitMap*) 0x00000163f7106dd0, (CMBitMap*) 0x00000163f7106e10
 Prev Bits: [0x0000016390800000, 0x00000163947d0000)
 Next Bits: [0x00000163947d0000, 0x00000163987a0000)

GC Heap History (0 events):
No events

Deoptimization events (0 events):
No events

Classes unloaded (0 events):
No events

Classes redefined (0 events):
No events

Internal exceptions (0 events):
No events

Events (1 events):
Event: 0.005 Loaded shared library C:\Users\Korisnik\.jdks\openjdk-15.0.1\bin\java.dll


Dynamic libraries:
0x00007ff7e9950000 - 0x00007ff7e995d000 	C:\Users\Korisnik\.jdks\openjdk-15.0.1\bin\java.exe
0x00007ffe96c30000 - 0x00007ffe96e25000 	C:\Windows\SYSTEM32\ntdll.dll
0x00007ffe95300000 - 0x00007ffe953be000 	C:\Windows\System32\KERNEL32.DLL
0x00007ffe94350000 - 0x00007ffe94618000 	C:\Windows\System32\KERNELBASE.dll
0x00007ffe94900000 - 0x00007ffe94a00000 	C:\Windows\System32\ucrtbase.dll
0x00007ffe8ea10000 - 0x00007ffe8ea28000 	C:\Users\Korisnik\.jdks\openjdk-15.0.1\bin\jli.dll
0x00007ffe8ffa0000 - 0x00007ffe8ffb9000 	C:\Users\Korisnik\.jdks\openjdk-15.0.1\bin\VCRUNTIME140.dll
0x00007ffe95100000 - 0x00007ffe952a0000 	C:\Windows\System32\USER32.dll
0x00007ffe7d990000 - 0x00007ffe7dc2a000 	C:\Windows\WinSxS\amd64_microsoft.windows.common-controls_6595b64144ccf1df_6.0.19041.1110_none_60b5254171f9507e\COMCTL32.dll
0x00007ffe94820000 - 0x00007ffe94842000 	C:\Windows\System32\win32u.dll
0x00007ffe95060000 - 0x00007ffe950fe000 	C:\Windows\System32\msvcrt.dll
0x00007ffe95030000 - 0x00007ffe9505b000 	C:\Windows\System32\GDI32.dll
0x00007ffe94a00000 - 0x00007ffe94b0b000 	C:\Windows\System32\gdi32full.dll
0x00007ffe94780000 - 0x00007ffe9481d000 	C:\Windows\System32\msvcp_win.dll
0x00007ffe955f0000 - 0x00007ffe95620000 	C:\Windows\System32\IMM32.DLL
0x00007ffe90170000 - 0x00007ffe9017c000 	C:\Users\Korisnik\.jdks\openjdk-15.0.1\bin\vcruntime140_1.dll
0x00007ffe83fa0000 - 0x00007ffe84031000 	C:\Users\Korisnik\.jdks\openjdk-15.0.1\bin\msvcp140.dll
0x00007ffe1cf00000 - 0x00007ffe1da5e000 	C:\Users\Korisnik\.jdks\openjdk-15.0.1\bin\server\jvm.dll
0x00007ffe94ea0000 - 0x00007ffe94f4e000 	C:\Windows\System32\ADVAPI32.dll
0x00007ffe96ae0000 - 0x00007ffe96b7c000 	C:\Windows\System32\sechost.dll
0x00007ffe96900000 - 0x00007ffe96a25000 	C:\Windows\System32\RPCRT4.dll
0x00007ffe96b80000 - 0x00007ffe96b88000 	C:\Windows\System32\PSAPI.DLL
0x00007ffe7f8e0000 - 0x00007ffe7f8e9000 	C:\Windows\SYSTEM32\WSOCK32.dll
0x00007ffe89ba0000 - 0x00007ffe89bc7000 	C:\Windows\SYSTEM32\WINMM.dll
0x00007ffe8ae50000 - 0x00007ffe8ae5a000 	C:\Windows\SYSTEM32\VERSION.dll
0x00007ffe95580000 - 0x00007ffe955eb000 	C:\Windows\System32\WS2_32.dll
0x00007ffe92280000 - 0x00007ffe92292000 	C:\Windows\SYSTEM32\kernel.appcore.dll
0x00007ffe87330000 - 0x00007ffe8733a000 	C:\Users\Korisnik\.jdks\openjdk-15.0.1\bin\jimage.dll
0x00007ffe8c070000 - 0x00007ffe8c254000 	C:\Windows\SYSTEM32\DBGHELP.DLL
0x00007ffe7f600000 - 0x00007ffe7f62c000 	C:\Windows\SYSTEM32\dbgcore.DLL
0x00007ffe94b40000 - 0x00007ffe94bc2000 	C:\Windows\System32\bcryptPrimitives.dll
0x00007ffe901a0000 - 0x00007ffe901ae000 	C:\Users\Korisnik\.jdks\openjdk-15.0.1\bin\instrument.dll
0x00007ffe83f70000 - 0x00007ffe83f95000 	C:\Users\Korisnik\.jdks\openjdk-15.0.1\bin\java.dll

dbghelp: loaded successfully - version: 4.0.5 - missing functions: none
symbol engine: initialized successfully - sym options: 0x614 - pdb path: .;C:\Users\Korisnik\.jdks\openjdk-15.0.1\bin;C:\Windows\SYSTEM32;C:\Windows\WinSxS\amd64_microsoft.windows.common-controls_6595b64144ccf1df_6.0.19041.1110_none_60b5254171f9507e;C:\Users\Korisnik\.jdks\openjdk-15.0.1\bin\server

VM Arguments:
jvm_args: -ea -Didea.test.cyclic.buffer.size=1048576 -javaagent:C:\Program Files\JetBrains\IntelliJ IDEA 2021.3.3\lib\idea_rt.jar=60787:C:\Program Files\JetBrains\IntelliJ IDEA 2021.3.3\bin -Dfile.encoding=UTF-8 
java_command: com.intellij.rt.junit.JUnitStarter -ideVersion5 -junit5 etf.unsa.ba.nwt.emajstor.user.controller.UserControllerTest
java_class_path (initial): C:\Users\Korisnik\.m2\repository\org\junit\platform\junit-platform-launcher\1.8.2\junit-platform-launcher-1.8.2.jar;C:\Program Files\JetBrains\IntelliJ IDEA 2021.3.3\lib\idea_rt.jar;C:\Program Files\JetBrains\IntelliJ IDEA 2021.3.3\plugins\junit\lib\junit5-rt.jar;C:\Program Files\JetBrains\IntelliJ IDEA 2021.3.3\plugins\junit\lib\junit-rt.jar;C:\Users\Korisnik\Desktop\emajstor\user\target\test-classes;C:\Users\Korisnik\Desktop\emajstor\user\target\classes;C:\Users\Korisnik\.m2\repository\org\springframework\boot\spring-boot-starter-data-jpa\2.6.4\spring-boot-starter-data-jpa-2.6.4.jar;C:\Users\Korisnik\.m2\repository\org\springframework\boot\spring-boot-starter-aop\2.6.4\spring-boot-starter-aop-2.6.4.jar;C:\Users\Korisnik\.m2\repository\org\aspectj\aspectjweaver\1.9.7\aspectjweaver-1.9.7.jar;C:\Users\Korisnik\.m2\repository\org\springframework\boot\spring-boot-starter-jdbc\2.6.4\spring-boot-starter-jdbc-2.6.4.jar;C:\Users\Korisnik\.m2\repository\com\zaxxer\HikariCP\4.0.3\HikariCP-4.0.3.jar;C:\Users\Korisnik\.m2\repository\org\springframework\spring-jdbc\5.3.16\spring-jdbc-5.3.16.jar;C:\Users\Korisnik\.m2\repository\jakarta\transaction\jakarta.transaction-api\1.3.3\jakarta.transaction-api-1.3.3.jar;C:\Users\Korisnik\.m2\repository\jakarta\persistence\jakarta.persistence-api\2.2.3\jakarta.persistence-api-2.2.3.jar;C:\Users\Korisnik\.m2\repository\org\hibernate\hibernate-core\5.6.5.Final\hibernate-core-5.6.5.Final.jar;C:\Users\Korisnik\.m2\repository\org\jboss\logging\jboss-logging\3.4.3.Final\jboss-logging-3.4.3.Final.jar;C:\Users\Korisnik\.m2\repository\net\bytebuddy\byte-buddy\1.11.22\byte-buddy-1.11.22.jar;C:\Users\Korisnik\.m2\repository\antlr\antlr\2.7.7\antlr-2.7.7.jar;C:\Users\Korisnik\.m2\repository\org\jboss\jandex\2.4.2.Final\jandex-2.4.2.Final.jar;C:\Users\Korisnik\.m2\repository\com\fasterxml\classmate\1.5.1\classmate-1.5.1.jar;C:\Users\Korisnik\.m2\repository\org\hibernate\common\hibernate-commons-annotations\5.1.2.Final\hiber
Launcher Type: SUN_STANDARD

[Global flags]
     intx CICompilerCount                          = 12                                        {product} {ergonomic}
     uint ConcGCThreads                            = 3                                         {product} {ergonomic}
     uint G1ConcRefinementThreads                  = 13                                        {product} {ergonomic}
   size_t G1HeapRegionSize                         = 2097152                                   {product} {ergonomic}
    uintx GCDrainStackTargetSize                   = 64                                        {product} {ergonomic}
   size_t InitialHeapSize                          = 268435456                                 {product} {ergonomic}
   size_t MarkStackSize                            = 4194304                                   {product} {ergonomic}
   size_t MaxHeapSize                              = 4282384384                                {product} {ergonomic}
   size_t MinHeapDeltaBytes                        = 2097152                                   {product} {ergonomic}
   size_t MinHeapSize                              = 8388608                                   {product} {ergonomic}
    uintx NonNMethodCodeHeapSize                   = 7602480                                {pd product} {ergonomic}
    uintx NonProfiledCodeHeapSize                  = 122027880                              {pd product} {ergonomic}
    uintx ProfiledCodeHeapSize                     = 122027880                              {pd product} {ergonomic}
    uintx ReservedCodeCacheSize                    = 251658240                              {pd product} {ergonomic}
     bool SegmentedCodeCache                       = true                                      {product} {ergonomic}
   size_t SoftMaxHeapSize                          = 4282384384                             {manageable} {ergonomic}
     bool UseCompressedClassPointers               = true                                 {lp64_product} {ergonomic}
     bool UseCompressedOops                        = true                                 {lp64_product} {ergonomic}
     bool UseG1GC                                  = true                                      {product} {ergonomic}
     bool UseLargePagesIndividualAllocation        = false                                  {pd product} {ergonomic}

Logging:
Log output configuration:
 #0: stdout all=warning uptime,level,tags
 #1: stderr all=off uptime,level,tags

Environment Variables:
PATH=C:\Program Files\Common Files\Oracle\Java\javapath;C:\Python39\Scripts\;C:\Python39\;C:\Windows\system32;C:\Windows;C:\Windows\System32\Wbem;C:\Windows\System32\WindowsPowerShell\v1.0\;C:\Windows\System32\OpenSSH\;C:\Program Files\Git\cmd;C:\Program Files\Git\bin;C:\ProgramData\chocolatey\bin;C:\Program Files\Microsoft SQL Server\130\Tools\Binn\;C:\Java\jdk1.8.0_291\bin;C:\hadoop-3.1.0\bin;C:\hadoop-3.1.0\sbin;C:\Program Files\nodejs\;C:\Program Files\CodeBlocks\MinGW\bin;C:\Program Files\Java\jdk-17.0.2\bin;C:\apache-maven-3.8.5\bin;C:\Program Files\JetBrains\PyCharm 2021.3.3\bin;
USERNAME=Korisnik
OS=Windows_NT
PROCESSOR_IDENTIFIER=AMD64 Family 23 Model 8 Stepping 2, AuthenticAMD



---------------  S Y S T E M  ---------------

OS:
 Windows 10 , 64 bit Build 19041 (10.0.19041.1566)
OS uptime: 0 days 12:15 hours

CPU: total 16 (initial active 16) (16 cores per cpu, 2 threads per core) family 23 model 8 stepping 2 microcode 0x0, cmov, cx8, fxsr, mmx, sse, sse2, sse3, ssse3, sse4.1, sse4.2, popcnt, vzeroupper, avx, avx2, aes, clmul, 3dnowpref, lzcnt, sse4a, ht, tsc, tscinvbit, tscinv, bmi1, bmi2, adx, sha, fma, clflush, clflushopt

Memory: 4k page, system-wide physical 16334M (4747M free)
TotalPageFile size 16334M (AvailPageFile size 226M)
current process WorkingSet (physical memory assigned to process): 10M, peak: 10M
current process commit charge ("private bytes"): 70M, peak: 326M

vm_info: OpenJDK 64-Bit Server VM (15.0.1+9-18) for windows-amd64 JRE (15.0.1+9-18), built on Sep 15 2020 14:39:31 by "mach5one" with unknown MS VC++:1925

END.
